python/2.7_intel (INFO):
    Loading this module may cause the environment generated by other
    modules to become inconsistent; however it should work together
    with Intel's compilers, tools and libraries.
basinhopping step 0: f -1.52
basinhopping step 1: f -1.52 trial_f -1.04 accepted 0  lowest_f -1.52
basinhopping step 2: f -1.96 trial_f -1.96 accepted 1  lowest_f -1.96
found new global minimum on step 2 with function value -1.96
basinhopping step 3: f -1.24 trial_f -1.24 accepted 1  lowest_f -1.96
basinhopping step 4: f -1.88 trial_f -1.88 accepted 1  lowest_f -1.96
basinhopping step 5: f -2 trial_f -2 accepted 1  lowest_f -2
found new global minimum on step 5 with function value -2
basinhopping step 6: f -2 trial_f -2 accepted 1  lowest_f -2
basinhopping step 7: f -2 trial_f -2 accepted 1  lowest_f -2
basinhopping step 8: f -2 trial_f -2 accepted 1  lowest_f -2
basinhopping step 9: f -2 trial_f -2 accepted 1  lowest_f -2
basinhopping step 10: f -2 trial_f -2 accepted 1  lowest_f -2
basinhopping step 11: f -2 trial_f -2 accepted 1  lowest_f -2
basinhopping step 12: f -2 trial_f -2 accepted 1  lowest_f -2
basinhopping step 13: f -2 trial_f -2 accepted 1  lowest_f -2
basinhopping step 14: f -2 trial_f -2 accepted 1  lowest_f -2
basinhopping step 15: f -1.96 trial_f -1.96 accepted 1  lowest_f -2
warning: basinhopping: local minimization failure
basinhopping step 16: f -1.96 trial_f -1.04 accepted 0  lowest_f -2
basinhopping step 0: f -1.48
basinhopping step 1: f -1.64 trial_f -1.64 accepted 1  lowest_f -1.64
found new global minimum on step 1 with function value -1.64
basinhopping step 2: f -2 trial_f -2 accepted 1  lowest_f -2
found new global minimum on step 2 with function value -2
basinhopping step 3: f -2.44 trial_f -2.44 accepted 1  lowest_f -2.44
found new global minimum on step 3 with function value -2.44
basinhopping step 4: f -1.92 trial_f -1.92 accepted 1  lowest_f -2.44
basinhopping step 5: f -1.04 trial_f -1.04 accepted 1  lowest_f -2.44
basinhopping step 6: f -2 trial_f -2 accepted 1  lowest_f -2.44
basinhopping step 7: f -2 trial_f -2 accepted 1  lowest_f -2.44
warning: basinhopping: local minimization failure
basinhopping step 8: f -2 trial_f -2 accepted 1  lowest_f -2.44
basinhopping step 9: f -1.92 trial_f -1.92 accepted 1  lowest_f -2.44
basinhopping step 10: f -1.08 trial_f -1.08 accepted 1  lowest_f -2.44
basinhopping step 11: f -1 trial_f -1 accepted 1  lowest_f -2.44
basinhopping step 12: f -1 trial_f -1 accepted 1  lowest_f -2.44
warning: basinhopping: local minimization failure
basinhopping step 13: f -1.84 trial_f -1.84 accepted 1  lowest_f -2.44
basinhopping step 14: f -2.28 trial_f -2.28 accepted 1  lowest_f -2.44
warning: basinhopping: local minimization failure
basinhopping step 0: f -1.2
warning: basinhopping: local minimization failure
basinhopping step 1: f -0.96 trial_f -0.96 accepted 1  lowest_f -1.2
basinhopping step 2: f -0 trial_f -0 accepted 1  lowest_f -1.2
basinhopping step 3: f -0 trial_f -0 accepted 1  lowest_f -1.2
basinhopping step 4: f -0 trial_f -0 accepted 1  lowest_f -1.2
basinhopping step 5: f -0 trial_f -0 accepted 1  lowest_f -1.2
basinhopping step 6: f -0.08 trial_f -0.08 accepted 1  lowest_f -1.2
warning: basinhopping: local minimization failure
basinhopping step 7: f -2 trial_f -2 accepted 1  lowest_f -2
found new global minimum on step 7 with function value -2
basinhopping step 8: f -2 trial_f -1.2 accepted 0  lowest_f -2
basinhopping step 9: f -2 trial_f -0.52 accepted 0  lowest_f -2
basinhopping step 10: f -0.96 trial_f -0.96 accepted 1  lowest_f -2
basinhopping step 11: f -3 trial_f -3 accepted 1  lowest_f -3
found new global minimum on step 11 with function value -3
basinhopping step 12: f -3 trial_f -1.64 accepted 0  lowest_f -3
basinhopping step 13: f -3.12 trial_f -3.12 accepted 1  lowest_f -3.12
found new global minimum on step 13 with function value -3.12
warning: basinhopping: local minimization failure
basinhopping step 14: f -2.96 trial_f -2.96 accepted 1  lowest_f -3.12
warning: basinhopping: local minimization failure
basinhopping step 15: f -2.96 trial_f -2 accepted 0  lowest_f -3.12
basinhopping step 16: f -2.24 trial_f -2.24 accepted 1  lowest_f -3.12
basinhopping step 17: f -2.96 trial_f -2.96 accepted 1  lowest_f -3.12
basinhopping step 18: f -2.96 trial_f -2 accepted 0  lowest_f -3.12
warning: basinhopping: local minimization failure
basinhopping step 19: f -2.6 trial_f -2.6 accepted 1  lowest_f -3.12
warning: basinhopping: local minimization failure
basinhopping step 20: f -1.4 trial_f -1.4 accepted 1  lowest_f -3.12
basinhopping step 21: f -1.96 trial_f -1.96 accepted 1  lowest_f -3.12
basinhopping step 22: f -2.72 trial_f -2.72 accepted 1  lowest_f -3.12
basinhopping step 23: f -2.72 trial_f -2.72 accepted 1  lowest_f -3.12
warning: basinhopping: local minimization failure
basinhopping step 24: f -2.48 trial_f -2.48 accepted 1  lowest_f -3.12
basinhopping step 0: f -1
warning: basinhopping: local minimization failure
basinhopping step 1: f -1 trial_f -0.04 accepted 0  lowest_f -1
warning: basinhopping: local minimization failure
basinhopping step 2: f -1 trial_f -1 accepted 1  lowest_f -1
basinhopping step 3: f -1 trial_f -1 accepted 1  lowest_f -1
basinhopping step 4: f -1 trial_f -1 accepted 1  lowest_f -1
basinhopping step 5: f -1 trial_f -1 accepted 1  lowest_f -1
basinhopping step 6: f -1 trial_f -1 accepted 1  lowest_f -1
basinhopping step 7: f -1.44 trial_f -1.44 accepted 1  lowest_f -1.44
found new global minimum on step 7 with function value -1.44
basinhopping step 8: f -2 trial_f -2 accepted 1  lowest_f -2
found new global minimum on step 8 with function value -2
basinhopping step 9: f -2 trial_f -2 accepted 1  lowest_f -2
basinhopping step 10: f -1.96 trial_f -1.96 accepted 1  lowest_f -2
warning: basinhopping: local minimization failure
basinhopping step 11: f -2.4 trial_f -2.4 accepted 1  lowest_f -2.4
found new global minimum on step 11 with function value -2.4
warning: basinhopping: local minimization failure
basinhopping step 12: f -2.24 trial_f -2.24 accepted 1  lowest_f -2.4
basinhopping step 13: f -2.12 trial_f -2.12 accepted 1  lowest_f -2.4
warning: basinhopping: local minimization failure
basinhopping step 14: f -1.88 trial_f -1.88 accepted 1  lowest_f -2.4
basinhopping step 15: f -1.76 trial_f -1.76 accepted 1  lowest_f -2.4
warning: basinhopping: local minimization failure
basinhopping step 16: f -1.76 trial_f -1 accepted 0  lowest_f -2.4
warning: basinhopping: local minimization failure
basinhopping step 17: f -1.76 trial_f -1 accepted 0  lowest_f -2.4
basinhopping step 18: f -2 trial_f -2 accepted 1  lowest_f -2.4
basinhopping step 19: f -1.64 trial_f -1.64 accepted 1  lowest_f -2.4
basinhopping step 20: f -1.76 trial_f -1.76 accepted 1  lowest_f -2.4
basinhopping step 21: f -1.76 trial_f -1 accepted 0  lowest_f -2.4
warning: basinhopping: local minimization failure
basinhopping step 22: f -2 trial_f -2 accepted 1  lowest_f -2.4
basinhopping step 0: f -0.72
basinhopping step 1: f -0.88 trial_f -0.88 accepted 1  lowest_f -0.88
found new global minimum on step 1 with function value -0.88
basinhopping step 2: f -1.32 trial_f -1.32 accepted 1  lowest_f -1.32
found new global minimum on step 2 with function value -1.32
basinhopping step 3: f -0.84 trial_f -0.84 accepted 1  lowest_f -1.32
basinhopping step 4: f -0.84 trial_f -0.16 accepted 0  lowest_f -1.32
basinhopping step 5: f -1 trial_f -1 accepted 1  lowest_f -1.32
basinhopping step 6: f -1 trial_f -1 accepted 1  lowest_f -1.32
warning: basinhopping: local minimization failure
basinhopping step 7: f -1.28 trial_f -1.28 accepted 1  lowest_f -1.32
basinhopping step 8: f -1.48 trial_f -1.48 accepted 1  lowest_f -1.48
found new global minimum on step 8 with function value -1.48
basinhopping step 9: f -1.48 trial_f -1.04 accepted 0  lowest_f -1.48
basinhopping step 10: f -1.48 trial_f -0.08 accepted 0  lowest_f -1.48
basinhopping step 11: f -1.48 trial_f -1.04 accepted 0  lowest_f -1.48
basinhopping step 12: f -1.48 trial_f -1.12 accepted 0  lowest_f -1.48
basinhopping step 13: f -1.08 trial_f -1.08 accepted 1  lowest_f -1.48
basinhopping step 14: f -1.44 trial_f -1.44 accepted 1  lowest_f -1.48
basinhopping step 15: f -1.72 trial_f -1.72 accepted 1  lowest_f -1.72
found new global minimum on step 15 with function value -1.72
basinhopping step 16: f -1.56 trial_f -1.56 accepted 1  lowest_f -1.72
basinhopping step 17: f -1 trial_f -1 accepted 1  lowest_f -1.72
warning: basinhopping: local minimization failure
basinhopping step 18: f -1 trial_f -1 accepted 1  lowest_f -1.72
basinhopping step 19: f -1.04 trial_f -1.04 accepted 1  lowest_f -1.72
basinhopping step 20: f -2.2 trial_f -2.2 accepted 1  lowest_f -2.2
found new global minimum on step 20 with function value -2.2
warning: basinhopping: local minimization failure
basinhopping step 21: f -2.32 trial_f -2.32 accepted 1  lowest_f -2.32
found new global minimum on step 21 with function value -2.32
warning: basinhopping: local minimization failure
basinhopping step 22: f -2.84 trial_f -2.84 accepted 1  lowest_f -2.84
found new global minimum on step 22 with function value -2.84
warning: basinhopping: local minimization failure
basinhopping step 23: f -2.88 trial_f -2.88 accepted 1  lowest_f -2.88
found new global minimum on step 23 with function value -2.88
warning: basinhopping: local minimization failure
basinhopping step 24: f -2.88 trial_f -1.64 accepted 0  lowest_f -2.88
warning: basinhopping: local minimization failure
basinhopping step 25: f -2.52 trial_f -2.52 accepted 1  lowest_f -2.88
basinhopping step 26: f -3.08 trial_f -3.08 accepted 1  lowest_f -3.08
found new global minimum on step 26 with function value -3.08
warning: basinhopping: local minimization failure
basinhopping step 27: f -2.92 trial_f -2.92 accepted 1  lowest_f -3.08
warning: basinhopping: local minimization failure
basinhopping step 28: f -2.56 trial_f -2.56 accepted 1  lowest_f -3.08
basinhopping step 29: f -2.56 trial_f -0.28 accepted 0  lowest_f -3.08
basinhopping step 30: f -3 trial_f -3 accepted 1  lowest_f -3.08
basinhopping step 31: f -2.96 trial_f -2.96 accepted 1  lowest_f -3.08
warning: basinhopping: local minimization failure
basinhopping step 32: f -2.96 trial_f -0.6 accepted 0  lowest_f -3.08
basinhopping step 33: f -2.84 trial_f -2.84 accepted 1  lowest_f -3.08
basinhopping step 34: f -2.28 trial_f -2.28 accepted 1  lowest_f -3.08
basinhopping step 35: f -2.92 trial_f -2.92 accepted 1  lowest_f -3.08
basinhopping step 36: f -3 trial_f -3 accepted 1  lowest_f -3.08
warning: basinhopping: local minimization failure
basinhopping step 37: f -3 trial_f -3 accepted 1  lowest_f -3.08
basinhopping step 0: f -2
basinhopping step 1: f -1.92 trial_f -1.92 accepted 1  lowest_f -2
basinhopping step 2: f -2.04 trial_f -2.04 accepted 1  lowest_f -2.04
found new global minimum on step 2 with function value -2.04
basinhopping step 3: f -2 trial_f -2 accepted 1  lowest_f -2.04
basinhopping step 4: f -2 trial_f -0.92 accepted 0  lowest_f -2.04
basinhopping step 5: f -2.08 trial_f -2.08 accepted 1  lowest_f -2.08
found new global minimum on step 5 with function value -2.08
warning: basinhopping: local minimization failure
basinhopping step 6: f -2 trial_f -2 accepted 1  lowest_f -2.08
basinhopping step 7: f -2.04 trial_f -2.04 accepted 1  lowest_f -2.08
basinhopping step 8: f -2 trial_f -2 accepted 1  lowest_f -2.08
basinhopping step 9: f -1.04 trial_f -1.04 accepted 1  lowest_f -2.08
basinhopping step 10: f -1.04 trial_f -1.04 accepted 1  lowest_f -2.08
basinhopping step 11: f -2 trial_f -2 accepted 1  lowest_f -2.08
basinhopping step 12: f -2.68 trial_f -2.68 accepted 1  lowest_f -2.68
found new global minimum on step 12 with function value -2.68
basinhopping step 13: f -1.04 trial_f -1.04 accepted 1  lowest_f -2.68
warning: basinhopping: local minimization failure
basinhopping step 14: f -1 trial_f -1 accepted 1  lowest_f -2.68
basinhopping step 15: f -1 trial_f -1 accepted 1  lowest_f -2.68
basinhopping step 16: f -1 trial_f -1 accepted 1  lowest_f -2.68
basinhopping step 17: f -1.68 trial_f -1.68 accepted 1  lowest_f -2.68
basinhopping step 18: f -1.64 trial_f -1.64 accepted 1  lowest_f -2.68
basinhopping step 19: f -1.2 trial_f -1.2 accepted 1  lowest_f -2.68
warning: basinhopping: local minimization failure
basinhopping step 20: f -1.72 trial_f -1.72 accepted 1  lowest_f -2.68
basinhopping step 21: f -2 trial_f -2 accepted 1  lowest_f -2.68
warning: basinhopping: local minimization failure
basinhopping step 22: f -2.24 trial_f -2.24 accepted 1  lowest_f -2.68
basinhopping step 23: f -2.56 trial_f -2.56 accepted 1  lowest_f -2.68
basinhopping step 0: f -2.28
warning: basinhopping: local minimization failure
basinhopping step 1: f -3 trial_f -3 accepted 1  lowest_f -3
found new global minimum on step 1 with function value -3
warning: basinhopping: local minimization failure
basinhopping step 2: f -3 trial_f -3 accepted 1  lowest_f -3
basinhopping step 3: f -2.64 trial_f -2.64 accepted 1  lowest_f -3
warning: basinhopping: local minimization failure
basinhopping step 4: f -1.92 trial_f -1.92 accepted 1  lowest_f -3
basinhopping step 5: f -2.04 trial_f -2.04 accepted 1  lowest_f -3
basinhopping step 6: f -2.08 trial_f -2.08 accepted 1  lowest_f -3
warning: basinhopping: local minimization failure
basinhopping step 7: f -1.72 trial_f -1.72 accepted 1  lowest_f -3
basinhopping step 8: f -2.4 trial_f -2.4 accepted 1  lowest_f -3
warning: basinhopping: local minimization failure
basinhopping step 9: f -2.96 trial_f -2.96 accepted 1  lowest_f -3
basinhopping step 10: f -2.96 trial_f -2.96 accepted 1  lowest_f -3
basinhopping step 11: f -3.48 trial_f -3.48 accepted 1  lowest_f -3.48
found new global minimum on step 11 with function value -3.48
basinhopping step 12: f -2.96 trial_f -2.96 accepted 1  lowest_f -3.48
basinhopping step 13: f -2.96 trial_f -2.96 accepted 1  lowest_f -3.48
basinhopping step 14: f -2.92 trial_f -2.92 accepted 1  lowest_f -3.48
warning: basinhopping: local minimization failure
basinhopping step 15: f -2.96 trial_f -2.96 accepted 1  lowest_f -3.48
basinhopping step 16: f -3.48 trial_f -3.48 accepted 1  lowest_f -3.48
basinhopping step 17: f -3.48 trial_f -2.52 accepted 0  lowest_f -3.48
basinhopping step 18: f -3.48 trial_f -2.04 accepted 0  lowest_f -3.48
basinhopping step 19: f -3.48 trial_f -2 accepted 0  lowest_f -3.48
basinhopping step 20: f -2.04 trial_f -2.04 accepted 1  lowest_f -3.48
basinhopping step 21: f -3 trial_f -3 accepted 1  lowest_f -3.48
basinhopping step 22: f -2 trial_f -2 accepted 1  lowest_f -3.48
basinhopping step 0: f -1.04
basinhopping step 1: f -1 trial_f -1 accepted 1  lowest_f -1.04
basinhopping step 2: f -1.36 trial_f -1.36 accepted 1  lowest_f -1.36
found new global minimum on step 2 with function value -1.36
warning: basinhopping: local minimization failure
basinhopping step 3: f -2 trial_f -2 accepted 1  lowest_f -2
found new global minimum on step 3 with function value -2
basinhopping step 4: f -2 trial_f -1.04 accepted 0  lowest_f -2
basinhopping step 5: f -2 trial_f -0 accepted 0  lowest_f -2
warning: basinhopping: local minimization failure
basinhopping step 6: f -2 trial_f -2 accepted 1  lowest_f -2
basinhopping step 7: f -1.72 trial_f -1.72 accepted 1  lowest_f -2
basinhopping step 8: f -3 trial_f -3 accepted 1  lowest_f -3
found new global minimum on step 8 with function value -3
basinhopping step 9: f -2.8 trial_f -2.8 accepted 1  lowest_f -3
basinhopping step 10: f -3 trial_f -3 accepted 1  lowest_f -3
basinhopping step 11: f -3.12 trial_f -3.12 accepted 1  lowest_f -3.12
found new global minimum on step 11 with function value -3.12
basinhopping step 12: f -2 trial_f -2 accepted 1  lowest_f -3.12
warning: basinhopping: local minimization failure
basinhopping step 13: f -2.76 trial_f -2.76 accepted 1  lowest_f -3.12
warning: basinhopping: local minimization failure
basinhopping step 14: f -2.76 trial_f -2.08 accepted 0  lowest_f -3.12
basinhopping step 15: f -2.24 trial_f -2.24 accepted 1  lowest_f -3.12
warning: basinhopping: local minimization failure
basinhopping step 16: f -2.04 trial_f -2.04 accepted 1  lowest_f -3.12
basinhopping step 17: f -2.08 trial_f -2.08 accepted 1  lowest_f -3.12
basinhopping step 18: f -3.24 trial_f -3.24 accepted 1  lowest_f -3.24
found new global minimum on step 18 with function value -3.24
basinhopping step 19: f -3 trial_f -3 accepted 1  lowest_f -3.24
basinhopping step 20: f -2.68 trial_f -2.68 accepted 1  lowest_f -3.24
basinhopping step 21: f -3.6 trial_f -3.6 accepted 1  lowest_f -3.6
found new global minimum on step 21 with function value -3.6
basinhopping step 22: f -2.04 trial_f -2.04 accepted 1  lowest_f -3.6
basinhopping step 23: f -3.12 trial_f -3.12 accepted 1  lowest_f -3.6
basinhopping step 24: f -3.2 trial_f -3.2 accepted 1  lowest_f -3.6
basinhopping step 25: f -3.2 trial_f -2.56 accepted 0  lowest_f -3.6
basinhopping step 26: f -3.32 trial_f -3.32 accepted 1  lowest_f -3.6
warning: basinhopping: local minimization failure
basinhopping step 27: f -3.32 trial_f -2.08 accepted 0  lowest_f -3.6
basinhopping step 28: f -2.24 trial_f -2.24 accepted 1  lowest_f -3.6
warning: basinhopping: local minimization failure
basinhopping step 29: f -2.52 trial_f -2.52 accepted 1  lowest_f -3.6
basinhopping step 30: f -2.32 trial_f -2.32 accepted 1  lowest_f -3.6
basinhopping step 31: f -2.92 trial_f -2.92 accepted 1  lowest_f -3.6
basinhopping step 32: f -3.56 trial_f -3.56 accepted 1  lowest_f -3.6
basinhopping step 0: f -2.04
warning: basinhopping: local minimization failure
basinhopping step 1: f -3 trial_f -3 accepted 1  lowest_f -3
found new global minimum on step 1 with function value -3
basinhopping step 2: f -3.24 trial_f -3.24 accepted 1  lowest_f -3.24
found new global minimum on step 2 with function value -3.24
basinhopping step 3: f -3.24 trial_f -2.96 accepted 0  lowest_f -3.24
warning: basinhopping: local minimization failure
basinhopping step 4: f -3.24 trial_f -2.4 accepted 0  lowest_f -3.24
basinhopping step 5: f -3.08 trial_f -3.08 accepted 1  lowest_f -3.24
basinhopping step 6: f -2.56 trial_f -2.56 accepted 1  lowest_f -3.24
basinhopping step 7: f -1.8 trial_f -1.8 accepted 1  lowest_f -3.24
warning: basinhopping: local minimization failure
basinhopping step 8: f -2.08 trial_f -2.08 accepted 1  lowest_f -3.24
basinhopping step 9: f -2.4 trial_f -2.4 accepted 1  lowest_f -3.24
basinhopping step 10: f -3.08 trial_f -3.08 accepted 1  lowest_f -3.24
basinhopping step 11: f -3.48 trial_f -3.48 accepted 1  lowest_f -3.48
found new global minimum on step 11 with function value -3.48
basinhopping step 12: f -3.48 trial_f -2.68 accepted 0  lowest_f -3.48
warning: basinhopping: local minimization failure
basinhopping step 13: f -3.6 trial_f -3.6 accepted 1  lowest_f -3.6
found new global minimum on step 13 with function value -3.6
warning: basinhopping: local minimization failure
basinhopping step 14: f -3.6 trial_f -3 accepted 0  lowest_f -3.6
warning: basinhopping: local minimization failure
basinhopping step 15: f -2.88 trial_f -2.88 accepted 1  lowest_f -3.6
basinhopping step 16: f -2.88 trial_f -2.08 accepted 0  lowest_f -3.6
basinhopping step 17: f -2.56 trial_f -2.56 accepted 1  lowest_f -3.6
basinhopping step 18: f -2.56 trial_f -1 accepted 0  lowest_f -3.6
basinhopping step 19: f -2.84 trial_f -2.84 accepted 1  lowest_f -3.6
basinhopping step 20: f -3.24 trial_f -3.24 accepted 1  lowest_f -3.6
basinhopping step 21: f -3.24 trial_f -2.4 accepted 0  lowest_f -3.6
basinhopping step 22: f -2.88 trial_f -2.88 accepted 1  lowest_f -3.6
basinhopping step 23: f -2 trial_f -2 accepted 1  lowest_f -3.6
basinhopping step 24: f -2.24 trial_f -2.24 accepted 1  lowest_f -3.6
warning: basinhopping: local minimization failure
basinhopping step 0: f -2.12
basinhopping step 1: f -2.16 trial_f -2.16 accepted 1  lowest_f -2.16
found new global minimum on step 1 with function value -2.16
basinhopping step 2: f -2.16 trial_f -2.04 accepted 0  lowest_f -2.16
basinhopping step 3: f -3.88 trial_f -3.88 accepted 1  lowest_f -3.88
found new global minimum on step 3 with function value -3.88
basinhopping step 4: f -3.16 trial_f -3.16 accepted 1  lowest_f -3.88
basinhopping step 5: f -3.16 trial_f -2.84 accepted 0  lowest_f -3.88
basinhopping step 6: f -4.16 trial_f -4.16 accepted 1  lowest_f -4.16
found new global minimum on step 6 with function value -4.16
warning: basinhopping: local minimization failure
basinhopping step 7: f -3.6 trial_f -3.6 accepted 1  lowest_f -4.16
basinhopping step 8: f -3.6 trial_f -3.36 accepted 0  lowest_f -4.16
basinhopping step 9: f -3.92 trial_f -3.92 accepted 1  lowest_f -4.16
basinhopping step 10: f -2.84 trial_f -2.84 accepted 1  lowest_f -4.16
basinhopping step 11: f -2.84 trial_f -2.28 accepted 0  lowest_f -4.16
basinhopping step 12: f -2.84 trial_f -1.76 accepted 0  lowest_f -4.16
basinhopping step 13: f -2.28 trial_f -2.28 accepted 1  lowest_f -4.16
basinhopping step 14: f -1.4 trial_f -1.4 accepted 1  lowest_f -4.16
basinhopping step 15: f -2.68 trial_f -2.68 accepted 1  lowest_f -4.16
basinhopping step 16: f -2.24 trial_f -2.24 accepted 1  lowest_f -4.16
basinhopping step 17: f -2.24 trial_f -2 accepted 0  lowest_f -4.16
basinhopping step 0: f -3.36
basinhopping step 1: f -3.36 trial_f -3.16 accepted 0  lowest_f -3.36
basinhopping step 2: f -4.6 trial_f -4.6 accepted 1  lowest_f -4.6
found new global minimum on step 2 with function value -4.6
warning: basinhopping: local minimization failure
basinhopping step 3: f -4.6 trial_f -3.44 accepted 0  lowest_f -4.6
basinhopping step 4: f -3.84 trial_f -3.84 accepted 1  lowest_f -4.6
warning: basinhopping: local minimization failure
basinhopping step 5: f -4.52 trial_f -4.52 accepted 1  lowest_f -4.6
warning: basinhopping: local minimization failure
basinhopping step 6: f -4.52 trial_f -2.8 accepted 0  lowest_f -4.6
warning: basinhopping: local minimization failure
basinhopping step 7: f -4.52 trial_f -3 accepted 0  lowest_f -4.6
warning: basinhopping: local minimization failure
basinhopping step 8: f -4.52 trial_f -2.24 accepted 0  lowest_f -4.6
warning: basinhopping: local minimization failure
basinhopping step 9: f -4.52 trial_f -3.04 accepted 0  lowest_f -4.6
basinhopping step 10: f -4.52 trial_f -2 accepted 0  lowest_f -4.6
basinhopping step 11: f -4.52 trial_f -3.2 accepted 0  lowest_f -4.6
basinhopping step 12: f -4.52 trial_f -3 accepted 0  lowest_f -4.6
basinhopping step 13: f -4.52 trial_f -3.76 accepted 0  lowest_f -4.6
basinhopping step 0: f -3.6
basinhopping step 1: f -5.48 trial_f -5.48 accepted 1  lowest_f -5.48
found new global minimum on step 1 with function value -5.48
warning: basinhopping: local minimization failure
basinhopping step 2: f -5.48 trial_f -4.28 accepted 0  lowest_f -5.48
basinhopping step 3: f -5.48 trial_f -2.88 accepted 0  lowest_f -5.48
warning: basinhopping: local minimization failure
basinhopping step 4: f -5.48 trial_f -3.08 accepted 0  lowest_f -5.48
basinhopping step 5: f -5.48 trial_f -2.48 accepted 0  lowest_f -5.48
basinhopping step 6: f -5.48 trial_f -3.16 accepted 0  lowest_f -5.48
basinhopping step 7: f -5.48 trial_f -3.52 accepted 0  lowest_f -5.48
warning: basinhopping: local minimization failure
basinhopping step 8: f -5.48 trial_f -4.56 accepted 0  lowest_f -5.48
basinhopping step 9: f -5.48 trial_f -3 accepted 0  lowest_f -5.48
basinhopping step 10: f -4.6 trial_f -4.6 accepted 1  lowest_f -5.48
basinhopping step 11: f -4.6 trial_f -3.08 accepted 0  lowest_f -5.48
basinhopping step 12: f -4.6 trial_f -3.08 accepted 0  lowest_f -5.48
basinhopping step 0: f -3
basinhopping step 1: f -3 trial_f -3 accepted 1  lowest_f -3
warning: basinhopping: local minimization failure
basinhopping step 2: f -2.84 trial_f -2.84 accepted 1  lowest_f -3
warning: basinhopping: local minimization failure
basinhopping step 3: f -3.56 trial_f -3.56 accepted 1  lowest_f -3.56
found new global minimum on step 3 with function value -3.56
basinhopping step 4: f -2.84 trial_f -2.84 accepted 1  lowest_f -3.56
warning: basinhopping: local minimization failure
basinhopping step 5: f -3.56 trial_f -3.56 accepted 1  lowest_f -3.56
warning: basinhopping: local minimization failure
basinhopping step 6: f -3.76 trial_f -3.76 accepted 1  lowest_f -3.76
found new global minimum on step 6 with function value -3.76
basinhopping step 7: f -3.96 trial_f -3.96 accepted 1  lowest_f -3.96
found new global minimum on step 7 with function value -3.96
basinhopping step 8: f -3.96 trial_f -3.68 accepted 0  lowest_f -3.96
basinhopping step 9: f -4.8 trial_f -4.8 accepted 1  lowest_f -4.8
found new global minimum on step 9 with function value -4.8
basinhopping step 10: f -4.8 trial_f -4.04 accepted 0  lowest_f -4.8
basinhopping step 11: f -4.8 trial_f -3.76 accepted 0  lowest_f -4.8
basinhopping step 12: f -4.8 trial_f -3.12 accepted 0  lowest_f -4.8
basinhopping step 13: f -4 trial_f -4 accepted 1  lowest_f -4.8
basinhopping step 14: f -4.44 trial_f -4.44 accepted 1  lowest_f -4.8
basinhopping step 15: f -4.4 trial_f -4.4 accepted 1  lowest_f -4.8
basinhopping step 16: f -4.4 trial_f -3.88 accepted 0  lowest_f -4.8
basinhopping step 17: f -2.36 trial_f -2.36 accepted 1  lowest_f -4.8
basinhopping step 18: f -4.08 trial_f -4.08 accepted 1  lowest_f -4.8
basinhopping step 19: f -4.08 trial_f -3.76 accepted 0  lowest_f -4.8
warning: basinhopping: local minimization failure
basinhopping step 20: f -3.92 trial_f -3.92 accepted 1  lowest_f -4.8
warning: basinhopping: local minimization failure
basinhopping step 0: f -2.96
basinhopping step 1: f -3 trial_f -3 accepted 1  lowest_f -3
found new global minimum on step 1 with function value -3
basinhopping step 2: f -2.68 trial_f -2.68 accepted 1  lowest_f -3
basinhopping step 3: f -2.76 trial_f -2.76 accepted 1  lowest_f -3
basinhopping step 4: f -3.16 trial_f -3.16 accepted 1  lowest_f -3.16
found new global minimum on step 4 with function value -3.16
basinhopping step 5: f -2.32 trial_f -2.32 accepted 1  lowest_f -3.16
basinhopping step 6: f -3.28 trial_f -3.28 accepted 1  lowest_f -3.28
found new global minimum on step 6 with function value -3.28
basinhopping step 7: f -3.76 trial_f -3.76 accepted 1  lowest_f -3.76
found new global minimum on step 7 with function value -3.76
warning: basinhopping: local minimization failure
basinhopping step 8: f -3.8 trial_f -3.8 accepted 1  lowest_f -3.8
found new global minimum on step 8 with function value -3.8
warning: basinhopping: local minimization failure
basinhopping step 9: f -4 trial_f -4 accepted 1  lowest_f -4
found new global minimum on step 9 with function value -4
basinhopping step 10: f -4 trial_f -3.52 accepted 0  lowest_f -4
basinhopping step 11: f -3.96 trial_f -3.96 accepted 1  lowest_f -4
basinhopping step 12: f -3.16 trial_f -3.16 accepted 1  lowest_f -4
basinhopping step 13: f -3.6 trial_f -3.6 accepted 1  lowest_f -4
basinhopping step 14: f -3.48 trial_f -3.48 accepted 1  lowest_f -4
warning: basinhopping: local minimization failure
basinhopping step 15: f -3.48 trial_f -3 accepted 0  lowest_f -4
basinhopping step 16: f -3.28 trial_f -3.28 accepted 1  lowest_f -4
warning: basinhopping: local minimization failure
basinhopping step 17: f -4 trial_f -4 accepted 1  lowest_f -4
warning: basinhopping: local minimization failure
basinhopping step 18: f -4.24 trial_f -4.24 accepted 1  lowest_f -4.24
found new global minimum on step 18 with function value -4.24
warning: basinhopping: local minimization failure
basinhopping step 19: f -4.12 trial_f -4.12 accepted 1  lowest_f -4.24
basinhopping step 20: f -4.16 trial_f -4.16 accepted 1  lowest_f -4.24
basinhopping step 21: f -4.16 trial_f -3.72 accepted 0  lowest_f -4.24
basinhopping step 22: f -4.16 trial_f -4.16 accepted 1  lowest_f -4.24
basinhopping step 23: f -3.52 trial_f -3.52 accepted 1  lowest_f -4.24
warning: basinhopping: local minimization failure
basinhopping step 24: f -3.48 trial_f -3.48 accepted 1  lowest_f -4.24
basinhopping step 25: f -3.68 trial_f -3.68 accepted 1  lowest_f -4.24
warning: basinhopping: local minimization failure
basinhopping step 26: f -4.4 trial_f -4.4 accepted 1  lowest_f -4.4
found new global minimum on step 26 with function value -4.4
basinhopping step 27: f -3.88 trial_f -3.88 accepted 1  lowest_f -4.4
basinhopping step 28: f -3.84 trial_f -3.84 accepted 1  lowest_f -4.4
basinhopping step 29: f -2.92 trial_f -2.92 accepted 1  lowest_f -4.4
warning: basinhopping: local minimization failure
basinhopping step 30: f -2.32 trial_f -2.32 accepted 1  lowest_f -4.4
basinhopping step 31: f -2.2 trial_f -2.2 accepted 1  lowest_f -4.4
basinhopping step 32: f -2.88 trial_f -2.88 accepted 1  lowest_f -4.4
warning: basinhopping: local minimization failure
basinhopping step 33: f -2.88 trial_f -2.44 accepted 0  lowest_f -4.4
warning: basinhopping: local minimization failure
basinhopping step 34: f -2.32 trial_f -2.32 accepted 1  lowest_f -4.4
basinhopping step 35: f -2 trial_f -2 accepted 1  lowest_f -4.4
basinhopping step 36: f -2 trial_f -2 accepted 1  lowest_f -4.4
basinhopping step 37: f -2.4 trial_f -2.4 accepted 1  lowest_f -4.4
warning: basinhopping: local minimization failure
basinhopping step 0: f -1.56
warning: basinhopping: local minimization failure
basinhopping step 1: f -4.32 trial_f -4.32 accepted 1  lowest_f -4.32
found new global minimum on step 1 with function value -4.32
basinhopping step 2: f -4.44 trial_f -4.44 accepted 1  lowest_f -4.44
found new global minimum on step 2 with function value -4.44
basinhopping step 3: f -4.44 trial_f -3.88 accepted 0  lowest_f -4.44
basinhopping step 4: f -4.44 trial_f -3.08 accepted 0  lowest_f -4.44
basinhopping step 5: f -4.44 trial_f -2.48 accepted 0  lowest_f -4.44
basinhopping step 6: f -4.8 trial_f -4.8 accepted 1  lowest_f -4.8
found new global minimum on step 6 with function value -4.8
warning: basinhopping: local minimization failure
basinhopping step 7: f -4.8 trial_f -4.16 accepted 0  lowest_f -4.8
basinhopping step 8: f -5.48 trial_f -5.48 accepted 1  lowest_f -5.48
found new global minimum on step 8 with function value -5.48
warning: basinhopping: local minimization failure
basinhopping step 9: f -5.48 trial_f -4.12 accepted 0  lowest_f -5.48
basinhopping step 10: f -5.48 trial_f -3.76 accepted 0  lowest_f -5.48
warning: basinhopping: local minimization failure
basinhopping step 11: f -5.48 trial_f -2.4 accepted 0  lowest_f -5.48
warning: basinhopping: local minimization failure
basinhopping step 12: f -5.48 trial_f -3.44 accepted 0  lowest_f -5.48
warning: basinhopping: local minimization failure
basinhopping step 13: f -5.48 trial_f -2.04 accepted 0  lowest_f -5.48
basinhopping step 14: f -5.48 trial_f -4.76 accepted 0  lowest_f -5.48
basinhopping step 15: f -5.6 trial_f -5.6 accepted 1  lowest_f -5.6
found new global minimum on step 15 with function value -5.6
basinhopping step 16: f -5.6 trial_f -3.4 accepted 0  lowest_f -5.6
warning: basinhopping: local minimization failure
basinhopping step 17: f -5.6 trial_f -3.64 accepted 0  lowest_f -5.6
warning: basinhopping: local minimization failure
basinhopping step 18: f -3.08 trial_f -3.08 accepted 1  lowest_f -5.6
basinhopping step 19: f -4 trial_f -4 accepted 1  lowest_f -5.6
basinhopping step 20: f -3.92 trial_f -3.92 accepted 1  lowest_f -5.6
basinhopping step 21: f -4.32 trial_f -4.32 accepted 1  lowest_f -5.6
basinhopping step 22: f -5.12 trial_f -5.12 accepted 1  lowest_f -5.6
basinhopping step 23: f -3.76 trial_f -3.76 accepted 1  lowest_f -5.6
basinhopping step 24: f -4.56 trial_f -4.56 accepted 1  lowest_f -5.6
basinhopping step 25: f -4.56 trial_f -2.92 accepted 0  lowest_f -5.6
basinhopping step 26: f -4.08 trial_f -4.08 accepted 1  lowest_f -5.6
warning: basinhopping: local minimization failure
basinhopping step 0: f -3.24
warning: basinhopping: local minimization failure
basinhopping step 1: f -3.24 trial_f -3 accepted 0  lowest_f -3.24
basinhopping step 2: f -2.96 trial_f -2.96 accepted 1  lowest_f -3.24
basinhopping step 3: f -2.48 trial_f -2.48 accepted 1  lowest_f -3.24
basinhopping step 4: f -1.92 trial_f -1.92 accepted 1  lowest_f -3.24
warning: basinhopping: local minimization failure
basinhopping step 5: f -2.64 trial_f -2.64 accepted 1  lowest_f -3.24
warning: basinhopping: local minimization failure
basinhopping step 6: f -3.6 trial_f -3.6 accepted 1  lowest_f -3.6
found new global minimum on step 6 with function value -3.6
warning: basinhopping: local minimization failure
basinhopping step 7: f -3.6 trial_f -3.6 accepted 1  lowest_f -3.6
basinhopping step 8: f -4.04 trial_f -4.04 accepted 1  lowest_f -4.04
found new global minimum on step 8 with function value -4.04
warning: basinhopping: local minimization failure
basinhopping step 9: f -3.68 trial_f -3.68 accepted 1  lowest_f -4.04
basinhopping step 10: f -3.68 trial_f -2.72 accepted 0  lowest_f -4.04
basinhopping step 11: f -3.8 trial_f -3.8 accepted 1  lowest_f -4.04
basinhopping step 12: f -3.16 trial_f -3.16 accepted 1  lowest_f -4.04
warning: basinhopping: local minimization failure
basinhopping step 13: f -3.16 trial_f -2.08 accepted 0  lowest_f -4.04
warning: basinhopping: local minimization failure
basinhopping step 14: f -3.84 trial_f -3.84 accepted 1  lowest_f -4.04
basinhopping step 15: f -3.2 trial_f -3.2 accepted 1  lowest_f -4.04
basinhopping step 16: f -2 trial_f -2 accepted 1  lowest_f -4.04
basinhopping step 17: f -4.68 trial_f -4.68 accepted 1  lowest_f -4.68
found new global minimum on step 17 with function value -4.68
basinhopping step 18: f -4.68 trial_f -3.36 accepted 0  lowest_f -4.68
basinhopping step 19: f -4.68 trial_f -2.6 accepted 0  lowest_f -4.68
basinhopping step 20: f -4.28 trial_f -4.28 accepted 1  lowest_f -4.68
basinhopping step 21: f -4.28 trial_f -4.28 accepted 1  lowest_f -4.68
basinhopping step 22: f -3.12 trial_f -3.12 accepted 1  lowest_f -4.68
basinhopping step 23: f -3.92 trial_f -3.92 accepted 1  lowest_f -4.68
warning: basinhopping: local minimization failure
basinhopping step 24: f -3 trial_f -3 accepted 1  lowest_f -4.68
basinhopping step 25: f -3.96 trial_f -3.96 accepted 1  lowest_f -4.68
basinhopping step 26: f -4.76 trial_f -4.76 accepted 1  lowest_f -4.76
found new global minimum on step 26 with function value -4.76
warning: basinhopping: local minimization failure
basinhopping step 27: f -4.08 trial_f -4.08 accepted 1  lowest_f -4.76
warning: basinhopping: local minimization failure
basinhopping step 28: f -4.08 trial_f -3 accepted 0  lowest_f -4.76
basinhopping step 29: f -3.8 trial_f -3.8 accepted 1  lowest_f -4.76
basinhopping step 30: f -3 trial_f -3 accepted 1  lowest_f -4.76
basinhopping step 31: f -2.44 trial_f -2.44 accepted 1  lowest_f -4.76
warning: basinhopping: local minimization failure
basinhopping step 32: f -2.72 trial_f -2.72 accepted 1  lowest_f -4.76
basinhopping step 33: f -4.12 trial_f -4.12 accepted 1  lowest_f -4.76
basinhopping step 34: f -4.92 trial_f -4.92 accepted 1  lowest_f -4.92
found new global minimum on step 34 with function value -4.92
warning: basinhopping: local minimization failure
basinhopping step 35: f -4.04 trial_f -4.04 accepted 1  lowest_f -4.92
basinhopping step 36: f -4.04 trial_f -3.04 accepted 0  lowest_f -4.92
basinhopping step 37: f -4.4 trial_f -4.4 accepted 1  lowest_f -4.92
warning: basinhopping: local minimization failure
basinhopping step 38: f -4.4 trial_f -3.2 accepted 0  lowest_f -4.92
basinhopping step 39: f -4.04 trial_f -4.04 accepted 1  lowest_f -4.92
basinhopping step 40: f -5.88 trial_f -5.88 accepted 1  lowest_f -5.88
found new global minimum on step 40 with function value -5.88
basinhopping step 41: f -5.04 trial_f -5.04 accepted 1  lowest_f -5.88
basinhopping step 42: f -4 trial_f -4 accepted 1  lowest_f -5.88
basinhopping step 43: f -5.04 trial_f -5.04 accepted 1  lowest_f -5.88
warning: basinhopping: local minimization failure
basinhopping step 44: f -5.04 trial_f -4.24 accepted 0  lowest_f -5.88
warning: basinhopping: local minimization failure
basinhopping step 45: f -4.28 trial_f -4.28 accepted 1  lowest_f -5.88
basinhopping step 46: f -5.24 trial_f -5.24 accepted 1  lowest_f -5.88
basinhopping step 47: f -5.24 trial_f -4.6 accepted 0  lowest_f -5.88
basinhopping step 48: f -5.24 trial_f -4.2 accepted 0  lowest_f -5.88
basinhopping step 49: f -5.48 trial_f -5.48 accepted 1  lowest_f -5.88
adaptive stepsize: acceptance rate 0.760000 target 0.500000 new stepsize 0.555556 old stepsize 0.5
basinhopping step 50: f -5.48 trial_f -5.2 accepted 0  lowest_f -5.88
basinhopping step 51: f -5.16 trial_f -5.16 accepted 1  lowest_f -5.88
basinhopping step 0: f -3.76
basinhopping step 1: f -3.76 trial_f -2.52 accepted 0  lowest_f -3.76
basinhopping step 2: f -3.76 trial_f -3.76 accepted 1  lowest_f -3.76
basinhopping step 3: f -4.88 trial_f -4.88 accepted 1  lowest_f -4.88
found new global minimum on step 3 with function value -4.88
basinhopping step 4: f -4.88 trial_f -4.36 accepted 0  lowest_f -4.88
basinhopping step 5: f -4.16 trial_f -4.16 accepted 1  lowest_f -4.88
basinhopping step 6: f -4.16 trial_f -3 accepted 0  lowest_f -4.88
basinhopping step 7: f -4.16 trial_f -4 accepted 0  lowest_f -4.88
basinhopping step 8: f -4.16 trial_f -4.16 accepted 1  lowest_f -4.88
warning: basinhopping: local minimization failure
basinhopping step 9: f -5.68 trial_f -5.68 accepted 1  lowest_f -5.68
found new global minimum on step 9 with function value -5.68
basinhopping step 10: f -5.36 trial_f -5.36 accepted 1  lowest_f -5.68
basinhopping step 11: f -4.68 trial_f -4.68 accepted 1  lowest_f -5.68
basinhopping step 12: f -4.68 trial_f -3.12 accepted 0  lowest_f -5.68
warning: basinhopping: local minimization failure
basinhopping step 13: f -4.08 trial_f -4.08 accepted 1  lowest_f -5.68
basinhopping step 14: f -4.24 trial_f -4.24 accepted 1  lowest_f -5.68
basinhopping step 15: f -4.24 trial_f -3.04 accepted 0  lowest_f -5.68
warning: basinhopping: local minimization failure
basinhopping step 16: f -3.2 trial_f -3.2 accepted 1  lowest_f -5.68
basinhopping step 17: f -5.12 trial_f -5.12 accepted 1  lowest_f -5.68
warning: basinhopping: local minimization failure
basinhopping step 18: f -5.16 trial_f -5.16 accepted 1  lowest_f -5.68
warning: basinhopping: local minimization failure
basinhopping step 19: f -6.2 trial_f -6.2 accepted 1  lowest_f -6.2
found new global minimum on step 19 with function value -6.2
basinhopping step 20: f -6.2 trial_f -5.6 accepted 0  lowest_f -6.2
warning: basinhopping: local minimization failure
basinhopping step 21: f -6.2 trial_f -4.72 accepted 0  lowest_f -6.2
basinhopping step 22: f -6.2 trial_f -5.12 accepted 0  lowest_f -6.2
basinhopping step 23: f -5.24 trial_f -5.24 accepted 1  lowest_f -6.2
basinhopping step 24: f -5.68 trial_f -5.68 accepted 1  lowest_f -6.2
basinhopping step 25: f -5.68 trial_f -4.56 accepted 0  lowest_f -6.2
warning: basinhopping: local minimization failure
basinhopping step 26: f -5.08 trial_f -5.08 accepted 1  lowest_f -6.2
warning: basinhopping: local minimization failure
basinhopping step 27: f -5.4 trial_f -5.4 accepted 1  lowest_f -6.2
basinhopping step 28: f -5.4 trial_f -2.36 accepted 0  lowest_f -6.2
basinhopping step 29: f -5.52 trial_f -5.52 accepted 1  lowest_f -6.2
basinhopping step 30: f -4.24 trial_f -4.24 accepted 1  lowest_f -6.2
basinhopping step 0: f -5.88
basinhopping step 1: f -5.88 trial_f -4.64 accepted 0  lowest_f -5.88
warning: basinhopping: local minimization failure
basinhopping step 2: f -5.88 trial_f -5.88 accepted 1  lowest_f -5.88
basinhopping step 3: f -6.04 trial_f -6.04 accepted 1  lowest_f -6.04
found new global minimum on step 3 with function value -6.04
warning: basinhopping: local minimization failure
basinhopping step 4: f -5.92 trial_f -5.92 accepted 1  lowest_f -6.04
basinhopping step 5: f -5.92 trial_f -4.52 accepted 0  lowest_f -6.04
basinhopping step 6: f -5.92 trial_f -5.52 accepted 0  lowest_f -6.04
warning: basinhopping: local minimization failure
basinhopping step 7: f -6.04 trial_f -6.04 accepted 1  lowest_f -6.04
warning: basinhopping: local minimization failure
basinhopping step 8: f -3.64 trial_f -3.64 accepted 1  lowest_f -6.04
basinhopping step 9: f -4.6 trial_f -4.6 accepted 1  lowest_f -6.04
basinhopping step 10: f -4.76 trial_f -4.76 accepted 1  lowest_f -6.04
basinhopping step 11: f -4.92 trial_f -4.92 accepted 1  lowest_f -6.04
warning: basinhopping: local minimization failure
basinhopping step 12: f -4.92 trial_f -4.88 accepted 0  lowest_f -6.04
basinhopping step 13: f -4.92 trial_f -4.08 accepted 0  lowest_f -6.04
basinhopping step 14: f -5 trial_f -5 accepted 1  lowest_f -6.04
basinhopping step 0: f -5.8
basinhopping step 1: f -5.8 trial_f -4.2 accepted 0  lowest_f -5.8
basinhopping step 2: f -6.12 trial_f -6.12 accepted 1  lowest_f -6.12
found new global minimum on step 2 with function value -6.12
basinhopping step 3: f -6.12 trial_f -5.48 accepted 0  lowest_f -6.12
basinhopping step 4: f -6.72 trial_f -6.72 accepted 1  lowest_f -6.72
found new global minimum on step 4 with function value -6.72
warning: basinhopping: local minimization failure
basinhopping step 5: f -6.72 trial_f -4.12 accepted 0  lowest_f -6.72
basinhopping step 6: f -6.56 trial_f -6.56 accepted 1  lowest_f -6.72
basinhopping step 7: f -5.24 trial_f -5.24 accepted 1  lowest_f -6.72
basinhopping step 8: f -5.24 trial_f -4.08 accepted 0  lowest_f -6.72
warning: basinhopping: local minimization failure
basinhopping step 9: f -5.28 trial_f -5.28 accepted 1  lowest_f -6.72
warning: basinhopping: local minimization failure
basinhopping step 10: f -5.12 trial_f -5.12 accepted 1  lowest_f -6.72
basinhopping step 11: f -5.04 trial_f -5.04 accepted 1  lowest_f -6.72
basinhopping step 12: f -6 trial_f -6 accepted 1  lowest_f -6.72
basinhopping step 13: f -5.68 trial_f -5.68 accepted 1  lowest_f -6.72
warning: basinhopping: local minimization failure
basinhopping step 14: f -5.04 trial_f -5.04 accepted 1  lowest_f -6.72
basinhopping step 15: f -3.88 trial_f -3.88 accepted 1  lowest_f -6.72
basinhopping step 0: f -4.16
basinhopping step 1: f -4.92 trial_f -4.92 accepted 1  lowest_f -4.92
found new global minimum on step 1 with function value -4.92
basinhopping step 2: f -4.8 trial_f -4.8 accepted 1  lowest_f -4.92
basinhopping step 3: f -4.6 trial_f -4.6 accepted 1  lowest_f -4.92
warning: basinhopping: local minimization failure
basinhopping step 4: f -5.6 trial_f -5.6 accepted 1  lowest_f -5.6
found new global minimum on step 4 with function value -5.6
basinhopping step 5: f -5.64 trial_f -5.64 accepted 1  lowest_f -5.64
found new global minimum on step 5 with function value -5.64
basinhopping step 6: f -6.28 trial_f -6.28 accepted 1  lowest_f -6.28
found new global minimum on step 6 with function value -6.28
basinhopping step 7: f -6.28 trial_f -5.16 accepted 0  lowest_f -6.28
warning: basinhopping: local minimization failure
basinhopping step 8: f -6.28 trial_f -5.64 accepted 0  lowest_f -6.28
basinhopping step 9: f -5.76 trial_f -5.76 accepted 1  lowest_f -6.28
warning: basinhopping: local minimization failure
basinhopping step 10: f -5.24 trial_f -5.24 accepted 1  lowest_f -6.28
basinhopping step 11: f -5.8 trial_f -5.8 accepted 1  lowest_f -6.28
warning: basinhopping: local minimization failure
basinhopping step 12: f -6.32 trial_f -6.32 accepted 1  lowest_f -6.32
found new global minimum on step 12 with function value -6.32
basinhopping step 13: f -6.2 trial_f -6.2 accepted 1  lowest_f -6.32
warning: basinhopping: local minimization failure
basinhopping step 14: f -6.2 trial_f -6.2 accepted 1  lowest_f -6.32
basinhopping step 15: f -5.36 trial_f -5.36 accepted 1  lowest_f -6.32
basinhopping step 16: f -5.96 trial_f -5.96 accepted 1  lowest_f -6.32
warning: basinhopping: local minimization failure
basinhopping step 17: f -6.56 trial_f -6.56 accepted 1  lowest_f -6.56
found new global minimum on step 17 with function value -6.56
basinhopping step 18: f -6.56 trial_f -5.44 accepted 0  lowest_f -6.56
basinhopping step 19: f -5.76 trial_f -5.76 accepted 1  lowest_f -6.56
basinhopping step 20: f -4.92 trial_f -4.92 accepted 1  lowest_f -6.56
basinhopping step 21: f -5 trial_f -5 accepted 1  lowest_f -6.56
basinhopping step 22: f -4.96 trial_f -4.96 accepted 1  lowest_f -6.56
basinhopping step 23: f -4.96 trial_f -4.36 accepted 0  lowest_f -6.56
basinhopping step 24: f -5.64 trial_f -5.64 accepted 1  lowest_f -6.56
basinhopping step 25: f -6.4 trial_f -6.4 accepted 1  lowest_f -6.56
basinhopping step 26: f -6.2 trial_f -6.2 accepted 1  lowest_f -6.56
basinhopping step 27: f -6.96 trial_f -6.96 accepted 1  lowest_f -6.96
found new global minimum on step 27 with function value -6.96
basinhopping step 28: f -6.88 trial_f -6.88 accepted 1  lowest_f -6.96
basinhopping step 29: f -6.28 trial_f -6.28 accepted 1  lowest_f -6.96
basinhopping step 30: f -6.08 trial_f -6.08 accepted 1  lowest_f -6.96
basinhopping step 31: f -6.08 trial_f -5.6 accepted 0  lowest_f -6.96
basinhopping step 32: f -5.56 trial_f -5.56 accepted 1  lowest_f -6.96
basinhopping step 33: f -4.12 trial_f -4.12 accepted 1  lowest_f -6.96
basinhopping step 34: f -5.8 trial_f -5.8 accepted 1  lowest_f -6.96
basinhopping step 35: f -4.16 trial_f -4.16 accepted 1  lowest_f -6.96
basinhopping step 36: f -5 trial_f -5 accepted 1  lowest_f -6.96
warning: basinhopping: local minimization failure
basinhopping step 37: f -3.96 trial_f -3.96 accepted 1  lowest_f -6.96
warning: basinhopping: local minimization failure
basinhopping step 38: f -4.76 trial_f -4.76 accepted 1  lowest_f -6.96
basinhopping step 0: f -5.28
warning: basinhopping: local minimization failure
basinhopping step 1: f -6.84 trial_f -6.84 accepted 1  lowest_f -6.84
found new global minimum on step 1 with function value -6.84
basinhopping step 2: f -6.84 trial_f -4.2 accepted 0  lowest_f -6.84
basinhopping step 3: f -6.84 trial_f -5.32 accepted 0  lowest_f -6.84
warning: basinhopping: local minimization failure
basinhopping step 4: f -6.84 trial_f -3.96 accepted 0  lowest_f -6.84
basinhopping step 5: f -6.84 trial_f -5.72 accepted 0  lowest_f -6.84
basinhopping step 6: f -6.84 trial_f -3.16 accepted 0  lowest_f -6.84
basinhopping step 7: f -6.84 trial_f -6.04 accepted 0  lowest_f -6.84
basinhopping step 8: f -6.84 trial_f -4 accepted 0  lowest_f -6.84
basinhopping step 9: f -6.84 trial_f -4.16 accepted 0  lowest_f -6.84
basinhopping step 10: f -4.84 trial_f -4.84 accepted 1  lowest_f -6.84
warning: basinhopping: local minimization failure
basinhopping step 11: f -4.72 trial_f -4.72 accepted 1  lowest_f -6.84
warning: basinhopping: local minimization failure
basinhopping step 12: f -4.72 trial_f -4.36 accepted 0  lowest_f -6.84
warning: basinhopping: local minimization failure
basinhopping step 0: f -6.44
basinhopping step 1: f -3.8 trial_f -3.8 accepted 1  lowest_f -6.44
basinhopping step 2: f -3.8 trial_f -2.96 accepted 0  lowest_f -6.44
warning: basinhopping: local minimization failure
basinhopping step 3: f -5.2 trial_f -5.2 accepted 1  lowest_f -6.44
warning: basinhopping: local minimization failure
basinhopping step 4: f -4.56 trial_f -4.56 accepted 1  lowest_f -6.44
basinhopping step 5: f -5.88 trial_f -5.88 accepted 1  lowest_f -6.44
warning: basinhopping: local minimization failure
basinhopping step 6: f -5.88 trial_f -5.44 accepted 0  lowest_f -6.44
basinhopping step 7: f -5.84 trial_f -5.84 accepted 1  lowest_f -6.44
basinhopping step 8: f -5.48 trial_f -5.48 accepted 1  lowest_f -6.44
basinhopping step 9: f -5.04 trial_f -5.04 accepted 1  lowest_f -6.44
basinhopping step 10: f -4.96 trial_f -4.96 accepted 1  lowest_f -6.44
basinhopping step 11: f -5.52 trial_f -5.52 accepted 1  lowest_f -6.44
basinhopping step 0: f -6.08
basinhopping step 1: f -4.72 trial_f -4.72 accepted 1  lowest_f -6.08
basinhopping step 2: f -4.96 trial_f -4.96 accepted 1  lowest_f -6.08
basinhopping step 3: f -5.32 trial_f -5.32 accepted 1  lowest_f -6.08
warning: basinhopping: local minimization failure
basinhopping step 4: f -6.16 trial_f -6.16 accepted 1  lowest_f -6.16
found new global minimum on step 4 with function value -6.16
basinhopping step 5: f -6.24 trial_f -6.24 accepted 1  lowest_f -6.24
found new global minimum on step 5 with function value -6.24
basinhopping step 6: f -5.4 trial_f -5.4 accepted 1  lowest_f -6.24
basinhopping step 7: f -4.88 trial_f -4.88 accepted 1  lowest_f -6.24
basinhopping step 8: f -4.84 trial_f -4.84 accepted 1  lowest_f -6.24
basinhopping step 9: f -4.84 trial_f -3.96 accepted 0  lowest_f -6.24
basinhopping step 10: f -4.24 trial_f -4.24 accepted 1  lowest_f -6.24
basinhopping step 11: f -4.24 trial_f -4 accepted 0  lowest_f -6.24
basinhopping step 12: f -6.16 trial_f -6.16 accepted 1  lowest_f -6.24
basinhopping step 13: f -5.32 trial_f -5.32 accepted 1  lowest_f -6.24
basinhopping step 14: f -5.2 trial_f -5.2 accepted 1  lowest_f -6.24
warning: basinhopping: local minimization failure
basinhopping step 15: f -4.36 trial_f -4.36 accepted 1  lowest_f -6.24
basinhopping step 16: f -4.64 trial_f -4.64 accepted 1  lowest_f -6.24
basinhopping step 0: f -7.44
warning: basinhopping: local minimization failure
basinhopping step 1: f -7.44 trial_f -5.68 accepted 0  lowest_f -7.44
basinhopping step 2: f -6.48 trial_f -6.48 accepted 1  lowest_f -7.44
basinhopping step 3: f -6.48 trial_f -5.32 accepted 0  lowest_f -7.44
basinhopping step 4: f -6.32 trial_f -6.32 accepted 1  lowest_f -7.44
warning: basinhopping: local minimization failure
basinhopping step 5: f -6.2 trial_f -6.2 accepted 1  lowest_f -7.44
basinhopping step 6: f -6.2 trial_f -5.44 accepted 0  lowest_f -7.44
basinhopping step 7: f -6.2 trial_f -5.48 accepted 0  lowest_f -7.44
basinhopping step 8: f -6.36 trial_f -6.36 accepted 1  lowest_f -7.44
basinhopping step 9: f -8.2 trial_f -8.2 accepted 1  lowest_f -8.2
found new global minimum on step 9 with function value -8.2
warning: basinhopping: local minimization failure
basinhopping step 10: f -8.2 trial_f -4.48 accepted 0  lowest_f -8.2
warning: basinhopping: local minimization failure
basinhopping step 11: f -8.2 trial_f -8.2 accepted 1  lowest_f -8.2
basinhopping step 12: f -8.2 trial_f -6.04 accepted 0  lowest_f -8.2
basinhopping step 13: f -8.36 trial_f -8.36 accepted 1  lowest_f -8.36
found new global minimum on step 13 with function value -8.36
warning: basinhopping: local minimization failure
basinhopping step 14: f -8.36 trial_f -7.44 accepted 0  lowest_f -8.36
warning: basinhopping: local minimization failure
basinhopping step 15: f -8.36 trial_f -7.2 accepted 0  lowest_f -8.36
basinhopping step 16: f -8.48 trial_f -8.48 accepted 1  lowest_f -8.48
found new global minimum on step 16 with function value -8.48
basinhopping step 17: f -8.48 trial_f -7.24 accepted 0  lowest_f -8.48
basinhopping step 18: f -8.48 trial_f -5.16 accepted 0  lowest_f -8.48
basinhopping step 19: f -8.48 trial_f -6.6 accepted 0  lowest_f -8.48
warning: basinhopping: local minimization failure
basinhopping step 20: f -8.48 trial_f -6.28 accepted 0  lowest_f -8.48
warning: basinhopping: local minimization failure
basinhopping step 21: f -8.48 trial_f -4.8 accepted 0  lowest_f -8.48
basinhopping step 22: f -8.96 trial_f -8.96 accepted 1  lowest_f -8.96
found new global minimum on step 22 with function value -8.96
warning: basinhopping: local minimization failure
basinhopping step 23: f -8.96 trial_f -5.76 accepted 0  lowest_f -8.96
warning: basinhopping: local minimization failure
basinhopping step 24: f -8.96 trial_f -4.56 accepted 0  lowest_f -8.96
basinhopping step 25: f -7.92 trial_f -7.92 accepted 1  lowest_f -8.96
basinhopping step 26: f -7.92 trial_f -5.32 accepted 0  lowest_f -8.96
basinhopping step 27: f -7.92 trial_f -5.84 accepted 0  lowest_f -8.96
basinhopping step 28: f -7.92 trial_f -5.68 accepted 0  lowest_f -8.96
basinhopping step 29: f -7.92 trial_f -4.96 accepted 0  lowest_f -8.96
basinhopping step 30: f -7.92 trial_f -5.56 accepted 0  lowest_f -8.96
basinhopping step 31: f -7.92 trial_f -5.2 accepted 0  lowest_f -8.96
basinhopping step 32: f -7.48 trial_f -7.48 accepted 1  lowest_f -8.96
warning: basinhopping: local minimization failure
basinhopping step 33: f -7.48 trial_f -5.6 accepted 0  lowest_f -8.96
basinhopping step 0: f -5.04
basinhopping step 1: f -5.04 trial_f -3.36 accepted 0  lowest_f -5.04
basinhopping step 2: f -6.04 trial_f -6.04 accepted 1  lowest_f -6.04
found new global minimum on step 2 with function value -6.04
basinhopping step 3: f -7.08 trial_f -7.08 accepted 1  lowest_f -7.08
found new global minimum on step 3 with function value -7.08
warning: basinhopping: local minimization failure
basinhopping step 4: f -7.08 trial_f -4.6 accepted 0  lowest_f -7.08
warning: basinhopping: local minimization failure
basinhopping step 5: f -7.24 trial_f -7.24 accepted 1  lowest_f -7.24
found new global minimum on step 5 with function value -7.24
warning: basinhopping: local minimization failure
basinhopping step 6: f -7.24 trial_f -5 accepted 0  lowest_f -7.24
warning: basinhopping: local minimization failure
basinhopping step 7: f -7.84 trial_f -7.84 accepted 1  lowest_f -7.84
found new global minimum on step 7 with function value -7.84
basinhopping step 8: f -6.88 trial_f -6.88 accepted 1  lowest_f -7.84
basinhopping step 9: f -7.28 trial_f -7.28 accepted 1  lowest_f -7.84
warning: basinhopping: local minimization failure
basinhopping step 10: f -7.28 trial_f -4.32 accepted 0  lowest_f -7.84
basinhopping step 11: f -7.28 trial_f -5.8 accepted 0  lowest_f -7.84
basinhopping step 12: f -7.48 trial_f -7.48 accepted 1  lowest_f -7.84
basinhopping step 13: f -7.4 trial_f -7.4 accepted 1  lowest_f -7.84
basinhopping step 14: f -7.4 trial_f -6.88 accepted 0  lowest_f -7.84
warning: basinhopping: local minimization failure
basinhopping step 15: f -7.4 trial_f -4.16 accepted 0  lowest_f -7.84
basinhopping step 16: f -7.4 trial_f -6.36 accepted 0  lowest_f -7.84
basinhopping step 17: f -7.4 trial_f -5.52 accepted 0  lowest_f -7.84
warning: basinhopping: local minimization failure
basinhopping step 18: f -7.4 trial_f -4.56 accepted 0  lowest_f -7.84
warning: basinhopping: local minimization failure
basinhopping step 0: f -6.8
basinhopping step 1: f -6.8 trial_f -5.32 accepted 0  lowest_f -6.8
warning: basinhopping: local minimization failure
basinhopping step 2: f -6.92 trial_f -6.92 accepted 1  lowest_f -6.92
found new global minimum on step 2 with function value -6.92
basinhopping step 3: f -6.92 trial_f -5.36 accepted 0  lowest_f -6.92
warning: basinhopping: local minimization failure
basinhopping step 4: f -6.92 trial_f -5.4 accepted 0  lowest_f -6.92
basinhopping step 5: f -6.92 trial_f -5.72 accepted 0  lowest_f -6.92
warning: basinhopping: local minimization failure
basinhopping step 6: f -5.08 trial_f -5.08 accepted 1  lowest_f -6.92
warning: basinhopping: local minimization failure
basinhopping step 7: f -5.08 trial_f -4.2 accepted 0  lowest_f -6.92
basinhopping step 8: f -5.96 trial_f -5.96 accepted 1  lowest_f -6.92
basinhopping step 9: f -5.04 trial_f -5.04 accepted 1  lowest_f -6.92
basinhopping step 10: f -5.6 trial_f -5.6 accepted 1  lowest_f -6.92
basinhopping step 11: f -6.48 trial_f -6.48 accepted 1  lowest_f -6.92
basinhopping step 12: f -6.4 trial_f -6.4 accepted 1  lowest_f -6.92
basinhopping step 13: f -6.16 trial_f -6.16 accepted 1  lowest_f -6.92
basinhopping step 0: f -9.24
warning: basinhopping: local minimization failure
basinhopping step 1: f -9.24 trial_f -8.6 accepted 0  lowest_f -9.24
basinhopping step 2: f -9.24 trial_f -7.64 accepted 0  lowest_f -9.24
warning: basinhopping: local minimization failure
basinhopping step 3: f -8.2 trial_f -8.2 accepted 1  lowest_f -9.24
basinhopping step 4: f -7.56 trial_f -7.56 accepted 1  lowest_f -9.24
basinhopping step 5: f -7.4 trial_f -7.4 accepted 1  lowest_f -9.24
basinhopping step 6: f -8.76 trial_f -8.76 accepted 1  lowest_f -9.24
warning: basinhopping: local minimization failure
basinhopping step 7: f -8.28 trial_f -8.28 accepted 1  lowest_f -9.24
basinhopping step 8: f -8.28 trial_f -6.04 accepted 0  lowest_f -9.24
basinhopping step 9: f -8.28 trial_f -6.8 accepted 0  lowest_f -9.24
basinhopping step 10: f -8.28 trial_f -7.56 accepted 0  lowest_f -9.24
basinhopping step 11: f -8.28 trial_f -7 accepted 0  lowest_f -9.24
basinhopping step 0: f -6.28
basinhopping step 1: f -6.24 trial_f -6.24 accepted 1  lowest_f -6.28
basinhopping step 2: f -5 trial_f -5 accepted 1  lowest_f -6.28
basinhopping step 3: f -5.48 trial_f -5.48 accepted 1  lowest_f -6.28
basinhopping step 4: f -6.2 trial_f -6.2 accepted 1  lowest_f -6.28
basinhopping step 5: f -5.56 trial_f -5.56 accepted 1  lowest_f -6.28
basinhopping step 6: f -5.64 trial_f -5.64 accepted 1  lowest_f -6.28
basinhopping step 7: f -5.6 trial_f -5.6 accepted 1  lowest_f -6.28
basinhopping step 8: f -7.48 trial_f -7.48 accepted 1  lowest_f -7.48
found new global minimum on step 8 with function value -7.48
basinhopping step 9: f -7.96 trial_f -7.96 accepted 1  lowest_f -7.96
found new global minimum on step 9 with function value -7.96
basinhopping step 10: f -7.2 trial_f -7.2 accepted 1  lowest_f -7.96
basinhopping step 11: f -6.96 trial_f -6.96 accepted 1  lowest_f -7.96
basinhopping step 12: f -7.6 trial_f -7.6 accepted 1  lowest_f -7.96
basinhopping step 13: f -9.56 trial_f -9.56 accepted 1  lowest_f -9.56
found new global minimum on step 13 with function value -9.56
basinhopping step 14: f -9.56 trial_f -7.32 accepted 0  lowest_f -9.56
basinhopping step 15: f -8.2 trial_f -8.2 accepted 1  lowest_f -9.56
basinhopping step 16: f -8.28 trial_f -8.28 accepted 1  lowest_f -9.56
warning: basinhopping: local minimization failure
basinhopping step 17: f -9.84 trial_f -9.84 accepted 1  lowest_f -9.84
found new global minimum on step 17 with function value -9.84
warning: basinhopping: local minimization failure
basinhopping step 18: f -8.96 trial_f -8.96 accepted 1  lowest_f -9.84
basinhopping step 19: f -8.28 trial_f -8.28 accepted 1  lowest_f -9.84
warning: basinhopping: local minimization failure
basinhopping step 20: f -8.48 trial_f -8.48 accepted 1  lowest_f -9.84
basinhopping step 21: f -8.48 trial_f -5.68 accepted 0  lowest_f -9.84
basinhopping step 22: f -8.48 trial_f -6.4 accepted 0  lowest_f -9.84
warning: basinhopping: local minimization failure
basinhopping step 23: f -8.48 trial_f -7.52 accepted 0  lowest_f -9.84
warning: basinhopping: local minimization failure
basinhopping step 24: f -7.52 trial_f -7.52 accepted 1  lowest_f -9.84
basinhopping step 25: f -7.52 trial_f -6.6 accepted 0  lowest_f -9.84
basinhopping step 26: f -8.72 trial_f -8.72 accepted 1  lowest_f -9.84
warning: basinhopping: local minimization failure
basinhopping step 27: f -8.72 trial_f -5.28 accepted 0  lowest_f -9.84
warning: basinhopping: local minimization failure
basinhopping step 28: f -8.72 trial_f -7.48 accepted 0  lowest_f -9.84
basinhopping step 0: f -6.36
basinhopping step 1: f -6.8 trial_f -6.8 accepted 1  lowest_f -6.8
found new global minimum on step 1 with function value -6.8
basinhopping step 2: f -6.56 trial_f -6.56 accepted 1  lowest_f -6.8
basinhopping step 3: f -6.56 trial_f -5.68 accepted 0  lowest_f -6.8
warning: basinhopping: local minimization failure
basinhopping step 4: f -7.32 trial_f -7.32 accepted 1  lowest_f -7.32
found new global minimum on step 4 with function value -7.32
warning: basinhopping: local minimization failure
basinhopping step 5: f -7.32 trial_f -5.56 accepted 0  lowest_f -7.32
basinhopping step 6: f -7.32 trial_f -5.8 accepted 0  lowest_f -7.32
basinhopping step 7: f -7.32 trial_f -6.6 accepted 0  lowest_f -7.32
basinhopping step 8: f -7.32 trial_f -4.56 accepted 0  lowest_f -7.32
basinhopping step 9: f -6.92 trial_f -6.92 accepted 1  lowest_f -7.32
basinhopping step 10: f -6.92 trial_f -4.24 accepted 0  lowest_f -7.32
basinhopping step 11: f -6.04 trial_f -6.04 accepted 1  lowest_f -7.32
warning: basinhopping: local minimization failure
basinhopping step 12: f -6.04 trial_f -4.84 accepted 0  lowest_f -7.32
warning: basinhopping: local minimization failure
basinhopping step 13: f -6.28 trial_f -6.28 accepted 1  lowest_f -7.32
basinhopping step 14: f -7.08 trial_f -7.08 accepted 1  lowest_f -7.32
basinhopping step 15: f -7.08 trial_f -6.92 accepted 0  lowest_f -7.32
basinhopping step 0: f -8
warning: basinhopping: local minimization failure
basinhopping step 1: f -7.92 trial_f -7.92 accepted 1  lowest_f -8
warning: basinhopping: local minimization failure
basinhopping step 2: f -7.72 trial_f -7.72 accepted 1  lowest_f -8
basinhopping step 3: f -8.52 trial_f -8.52 accepted 1  lowest_f -8.52
found new global minimum on step 3 with function value -8.52
basinhopping step 4: f -8.36 trial_f -8.36 accepted 1  lowest_f -8.52
basinhopping step 5: f -8.6 trial_f -8.6 accepted 1  lowest_f -8.6
found new global minimum on step 5 with function value -8.6
basinhopping step 6: f -8.6 trial_f -6.16 accepted 0  lowest_f -8.6
basinhopping step 7: f -8.6 trial_f -7.08 accepted 0  lowest_f -8.6
basinhopping step 8: f -7.64 trial_f -7.64 accepted 1  lowest_f -8.6
warning: basinhopping: local minimization failure
basinhopping step 9: f -8.84 trial_f -8.84 accepted 1  lowest_f -8.84
found new global minimum on step 9 with function value -8.84
basinhopping step 10: f -8.84 trial_f -7.96 accepted 0  lowest_f -8.84
warning: basinhopping: local minimization failure
basinhopping step 11: f -8.84 trial_f -7.36 accepted 0  lowest_f -8.84
basinhopping step 12: f -9.24 trial_f -9.24 accepted 1  lowest_f -9.24
found new global minimum on step 12 with function value -9.24
basinhopping step 13: f -10.08 trial_f -10.08 accepted 1  lowest_f -10.08
found new global minimum on step 13 with function value -10.08
basinhopping step 14: f -10.68 trial_f -10.68 accepted 1  lowest_f -10.68
found new global minimum on step 14 with function value -10.68
basinhopping step 15: f -10.68 trial_f -8.12 accepted 0  lowest_f -10.68
basinhopping step 16: f -10.68 trial_f -8.04 accepted 0  lowest_f -10.68
basinhopping step 17: f -10.68 trial_f -8.08 accepted 0  lowest_f -10.68
basinhopping step 18: f -10.68 trial_f -9.76 accepted 0  lowest_f -10.68
basinhopping step 19: f -10.68 trial_f -8.76 accepted 0  lowest_f -10.68
warning: basinhopping: local minimization failure
basinhopping step 20: f -10.68 trial_f -9 accepted 0  lowest_f -10.68
basinhopping step 21: f -9.52 trial_f -9.52 accepted 1  lowest_f -10.68
basinhopping step 22: f -9.52 trial_f -9.52 accepted 1  lowest_f -10.68
warning: basinhopping: local minimization failure
basinhopping step 23: f -8.84 trial_f -8.84 accepted 1  lowest_f -10.68
basinhopping step 24: f -9.68 trial_f -9.68 accepted 1  lowest_f -10.68
basinhopping step 25: f -9.68 trial_f -9.28 accepted 0  lowest_f -10.68
warning: basinhopping: local minimization failure
basinhopping step 0: f -6.32
warning: basinhopping: local minimization failure
basinhopping step 1: f -8.2 trial_f -8.2 accepted 1  lowest_f -8.2
found new global minimum on step 1 with function value -8.2
basinhopping step 2: f -8 trial_f -8 accepted 1  lowest_f -8.2
basinhopping step 3: f -8 trial_f -6.96 accepted 0  lowest_f -8.2
basinhopping step 4: f -8.6 trial_f -8.6 accepted 1  lowest_f -8.6
found new global minimum on step 4 with function value -8.6
basinhopping step 5: f -8.24 trial_f -8.24 accepted 1  lowest_f -8.6
basinhopping step 6: f -8.24 trial_f -8.24 accepted 1  lowest_f -8.6
basinhopping step 7: f -8.24 trial_f -8 accepted 0  lowest_f -8.6
basinhopping step 8: f -10 trial_f -10 accepted 1  lowest_f -10
found new global minimum on step 8 with function value -10
warning: basinhopping: local minimization failure
basinhopping step 9: f -12.16 trial_f -12.16 accepted 1  lowest_f -12.16
found new global minimum on step 9 with function value -12.16
basinhopping step 10: f -12.16 trial_f -10.8 accepted 0  lowest_f -12.16
warning: basinhopping: local minimization failure
basinhopping step 11: f -12.16 trial_f -9.56 accepted 0  lowest_f -12.16
basinhopping step 12: f -12.16 trial_f -5.84 accepted 0  lowest_f -12.16
warning: basinhopping: local minimization failure
basinhopping step 13: f -12.16 trial_f -8.6 accepted 0  lowest_f -12.16
basinhopping step 14: f -12.16 trial_f -9.84 accepted 0  lowest_f -12.16
basinhopping step 15: f -12.16 trial_f -9.92 accepted 0  lowest_f -12.16
basinhopping step 16: f -12.16 trial_f -6.08 accepted 0  lowest_f -12.16
basinhopping step 17: f -12.16 trial_f -10.16 accepted 0  lowest_f -12.16
basinhopping step 18: f -12.16 trial_f -10.2 accepted 0  lowest_f -12.16
basinhopping step 19: f -10.84 trial_f -10.84 accepted 1  lowest_f -12.16
basinhopping step 20: f -10.84 trial_f -8.92 accepted 0  lowest_f -12.16
basinhopping step 0: f -8.48
basinhopping step 1: f -9.76 trial_f -9.76 accepted 1  lowest_f -9.76
found new global minimum on step 1 with function value -9.76
basinhopping step 2: f -9.76 trial_f -8.72 accepted 0  lowest_f -9.76
basinhopping step 3: f -9.6 trial_f -9.6 accepted 1  lowest_f -9.76
basinhopping step 4: f -9.8 trial_f -9.8 accepted 1  lowest_f -9.8
found new global minimum on step 4 with function value -9.8
basinhopping step 5: f -9.8 trial_f -8.4 accepted 0  lowest_f -9.8
warning: basinhopping: local minimization failure
basinhopping step 6: f -9.8 trial_f -8.12 accepted 0  lowest_f -9.8
basinhopping step 7: f -11.48 trial_f -11.48 accepted 1  lowest_f -11.48
found new global minimum on step 7 with function value -11.48
warning: basinhopping: local minimization failure
basinhopping step 8: f -10.24 trial_f -10.24 accepted 1  lowest_f -11.48
basinhopping step 9: f -10.68 trial_f -10.68 accepted 1  lowest_f -11.48
warning: basinhopping: local minimization failure
basinhopping step 10: f -11.8 trial_f -11.8 accepted 1  lowest_f -11.8
found new global minimum on step 10 with function value -11.8
basinhopping step 11: f -11.72 trial_f -11.72 a